INFO  time: initialize in 3.76s
WARN  no build tool detected in workspace '/Users/gdenerva/Projects/kg-editor'. The most common cause for this problem is that the editor was opened in the wrong working directory, for example if you use sbt then the workspace directory should contain build.sbt. 
WARN  no build target: /Users/gdenerva/Projects/kg-editor/service/build.sbt
WARN  no build target: /Users/gdenerva/Projects/kg-editor/service/app/ApiSpecs.scala
WARN  no build target: /Users/gdenerva/Projects/kg-editor/service/app/Filters.scala
WARN  no build target: /Users/gdenerva/Projects/kg-editor/service/project/plugins.sbt
WARN  no build target: /Users/gdenerva/Projects/kg-editor/service/project/Common.scala
WARN  no build target: /Users/gdenerva/Projects/kg-editor/service/project/scaffold.sbt
WARN  no build target: /Users/gdenerva/Projects/kg-editor/service/modules/common/common.sbt
WARN  no build target: /Users/gdenerva/Projects/kg-editor/service/modules/nexus/nexus.sbt
WARN  no build target: /Users/gdenerva/Projects/kg-editor/service/modules/proxy/proxy.sbt
WARN  no build target: /Users/gdenerva/Projects/kg-editor/service/modules/data_import/data_import.sbt
WARN  no build target: /Users/gdenerva/Projects/kg-editor/service/modules/authentication/auth.sbt
WARN  no build target: /Users/gdenerva/Projects/kg-editor/service/modules/editor/editor.sbt
WARN  no build target: /Users/gdenerva/Projects/kg-editor/service/modules/editor/app/EditorModule.scala
WARN  no build target: /Users/gdenerva/Projects/kg-editor/service/modules/common/app/models/Pagination.scala
WARN  no build target: /Users/gdenerva/Projects/kg-editor/service/modules/common/app/models/NexusPath.scala
WARN  no build target: /Users/gdenerva/Projects/kg-editor/service/modules/common/app/constants/SchemaFieldsConstants.scala
WARN  no build target: /Users/gdenerva/Projects/kg-editor/service/modules/common/app/constants/JsonLDConstants.scala
WARN  no build target: /Users/gdenerva/Projects/kg-editor/service/modules/common/app/constants/NexusConstants.scala
WARN  no build target: /Users/gdenerva/Projects/kg-editor/service/modules/common/app/helpers/ConfigMock.scala
WARN  no build target: /Users/gdenerva/Projects/kg-editor/service/modules/common/app/helpers/ESHelper.scala
WARN  no build target: /Users/gdenerva/Projects/kg-editor/service/modules/common/app/helpers/ResponseHelper.scala
WARN  no build target: /Users/gdenerva/Projects/kg-editor/service/modules/common/app/services/CredentialsService.scala
WARN  no build target: /Users/gdenerva/Projects/kg-editor/service/modules/common/app/services/ConfigurationService.scala
WARN  no build target: /Users/gdenerva/Projects/kg-editor/service/modules/common/app/services/ESService.scala
WARN  no build target: /Users/gdenerva/Projects/kg-editor/service/modules/common/test/models/NexusInstanceSpec.scala
WARN  no build target: /Users/gdenerva/Projects/kg-editor/service/modules/common/test/models/NexusPathSpec.scala
WARN  no build target: /Users/gdenerva/Projects/kg-editor/service/modules/common/test/helpers/ESHelperSpec.scala
WARN  no build target: /Users/gdenerva/Projects/kg-editor/service/modules/common/test/services/ESService.scala
WARN  no build target: /Users/gdenerva/Projects/kg-editor/service/modules/proxy/app/utils/JsonHandler.scala
WARN  no build target: /Users/gdenerva/Projects/kg-editor/service/modules/proxy/app/controllers/RedirectController.scala
WARN  no build target: /Users/gdenerva/Projects/kg-editor/service/modules/proxy/app/controllers/ExportContainerController.scala
WARN  no build target: /Users/gdenerva/Projects/kg-editor/service/modules/proxy/app/controllers/WebhookController.scala
WARN  no build target: /Users/gdenerva/Projects/kg-editor/service/modules/nexus/app/controllers/NexusCommonController.scala
WARN  no build target: /Users/gdenerva/Projects/kg-editor/service/modules/proxy/app/services/GithubHookService.scala
WARN  no build target: /Users/gdenerva/Projects/kg-editor/service/modules/proxy/app/services/RedirectService.scala
WARN  no build target: /Users/gdenerva/Projects/kg-editor/service/modules/nexus/app/helpers/NexusHelper.scala
WARN  no build target: /Users/gdenerva/Projects/kg-editor/service/modules/nexus/app/services/NexusService.scala
WARN  no build target: /Users/gdenerva/Projects/kg-editor/service/modules/nexus/app/helpers/NexusSpaceHandler.scala
WARN  no build target: /Users/gdenerva/Projects/kg-editor/service/modules/nexus/app/services/NexusSpaceService.scala
WARN  no build target: /Users/gdenerva/Projects/kg-editor/service/modules/data_import/test/helpers/ExcelUnimindsExportHelperSpec.scala
WARN  no build target: /Users/gdenerva/Projects/kg-editor/service/modules/data_import/test/helpers/ExcelInsertionHelperSpec.scala
WARN  no build target: /Users/gdenerva/Projects/kg-editor/service/modules/data_import/app/controllers/ExcelImportController.scala
WARN  no build target: /Users/gdenerva/Projects/kg-editor/service/modules/data_import/app/services/InsertionService.scala
WARN  no build target: /Users/gdenerva/Projects/kg-editor/service/modules/authentication/test/controllers/OIDCControllerSpec.scala
WARN  no build target: /Users/gdenerva/Projects/kg-editor/service/modules/editor/app/constants/UiConstants.scala
WARN  no build target: /Users/gdenerva/Projects/kg-editor/service/modules/editor/app/constants/InternalSchemaFieldsConstants.scala
WARN  no build target: /Users/gdenerva/Projects/kg-editor/service/modules/editor/app/constants/QueryConstants.scala
WARN  no build target: /Users/gdenerva/Projects/kg-editor/service/modules/editor/app/constants/ServiceClient.scala
WARN  no build target: /Users/gdenerva/Projects/kg-editor/service/modules/editor/app/constants/EditorConstants.scala
WARN  no build target: /Users/gdenerva/Projects/kg-editor/service/modules/editor/app/actions/EditorUserAction.scala
WARN  no build target: /Users/gdenerva/Projects/kg-editor/service/modules/editor/app/constants/SuggestionStatus.scala
WARN  no build target: /Users/gdenerva/Projects/kg-editor/service/modules/editor/app/models/EditorResponseObject.scala
WARN  no build target: /Users/gdenerva/Projects/kg-editor/service/modules/editor/app/helpers/EditorSpaceHelper.scala
WARN  no build target: /Users/gdenerva/Projects/kg-editor/service/modules/editor/app/helpers/BookmarkHelper.scala
WARN  no build target: /Users/gdenerva/Projects/kg-editor/service/modules/editor/app/helpers/NodeTypeHelper.scala
WARN  no build target: /Users/gdenerva/Projects/kg-editor/service/modules/editor/app/helpers/EditorResponseHelper.scala
WARN  no build target: /Users/gdenerva/Projects/kg-editor/service/modules/editor/app/helpers/InstanceOp.scala
WARN  no build target: /Users/gdenerva/Projects/kg-editor/service/modules/editor/app/controllers/EditorUserController.scala
WARN  no build target: /Users/gdenerva/Projects/kg-editor/service/modules/editor/app/helpers/ReverseLinkOP.scala
WARN  no build target: /Users/gdenerva/Projects/kg-editor/service/modules/editor/app/controllers/ReviewController.scala
WARN  no build target: /Users/gdenerva/Projects/kg-editor/service/modules/editor/app/controllers/EditorController.scala
WARN  no build target: /Users/gdenerva/Projects/kg-editor/service/modules/editor/app/controllers/SpecificationController.scala
WARN  no build target: /Users/gdenerva/Projects/kg-editor/service/modules/editor/app/controllers/AdminController.scala
WARN  no build target: /Users/gdenerva/Projects/kg-editor/service/modules/editor/app/services/EditorService.scala
WARN  no build target: /Users/gdenerva/Projects/kg-editor/service/modules/editor/app/services/EditorUserService.scala
WARN  no build target: /Users/gdenerva/Projects/kg-editor/service/modules/editor/app/services/ReverseLinkService.scala
WARN  no build target: /Users/gdenerva/Projects/kg-editor/service/modules/editor/app/services/MetadataService.scala
WARN  no build target: /Users/gdenerva/Projects/kg-editor/service/modules/authentication/app/controllers/OIDCController.scala
WARN  no build target: /Users/gdenerva/Projects/kg-editor/service/modules/authentication/app/helpers/IDMHelper.scala
WARN  no build target: /Users/gdenerva/Projects/kg-editor/service/modules/authentication/app/helpers/OIDCHelper.scala
WARN  no build target: /Users/gdenerva/Projects/kg-editor/service/modules/authentication/app/services/IAMAuthService.scala
WARN  no build target: /Users/gdenerva/Projects/kg-editor/service/modules/authentication/app/services/CacheService.scala
WARN  no build target: /Users/gdenerva/Projects/kg-editor/service/modules/authentication/app/services/IDMAPIService.scala
WARN  no build target: /Users/gdenerva/Projects/kg-editor/service/modules/authentication/app/services/AuthHttpClient.scala
WARN  no build target: /Users/gdenerva/Projects/kg-editor/service/modules/authentication/app/services/AuthService.scala
WARN  no build target: /Users/gdenerva/Projects/kg-editor/service/modules/authentication/app/services/TokenAuthService.scala
WARN  no build target: /Users/gdenerva/Projects/kg-editor/service/modules/editor/test/models/BookmarkListFolderSpec.scala
WARN  no build target: /Users/gdenerva/Projects/kg-editor/service/modules/editor/test/controllers/NexusEditorControllerSpec.scala
WARN  no build target: /Users/gdenerva/Projects/kg-editor/service/modules/editor/test/controllers/TestAuthenticatedUserAction.scala
WARN  no build target: /Users/gdenerva/Projects/kg-editor/service/modules/editor/test/controllers/EditorControllerSpec.scala
WARN  no build target: /Users/gdenerva/Projects/kg-editor/service/modules/editor/test/helpers/InstanceOpSpec.scala
WARN  no build target: /Users/gdenerva/Projects/kg-editor/service/modules/editor/test/helpers/BookmarkHelperSpec.scala
WARN  no build target: /Users/gdenerva/Projects/kg-editor/service/modules/editor/test/services/FormServiceSpec.scala
WARN  no build target: /Users/gdenerva/Projects/kg-editor/service/modules/common/app/models/user/User.scala
WARN  no build target: /Users/gdenerva/Projects/kg-editor/service/modules/editor/test/services/EditorUserServiceSpec.scala
WARN  no build target: /Users/gdenerva/Projects/kg-editor/service/modules/common/app/models/dataimportstatus/Error.scala
WARN  no build target: /Users/gdenerva/Projects/kg-editor/service/modules/common/app/models/dataimportstatus/ServiceError.scala
WARN  no build target: /Users/gdenerva/Projects/kg-editor/service/modules/common/app/models/user/IDMUser.scala
WARN  no build target: /Users/gdenerva/Projects/kg-editor/service/modules/common/app/models/user/Group.scala
WARN  no build target: /Users/gdenerva/Projects/kg-editor/service/modules/common/app/models/instance/NexusInstanceReference.scala
WARN  no build target: /Users/gdenerva/Projects/kg-editor/service/modules/common/app/models/instance/NexusInstance.scala
WARN  no build target: /Users/gdenerva/Projects/kg-editor/service/modules/common/app/models/instance/NexusLink.scala
WARN  no build target: /Users/gdenerva/Projects/kg-editor/service/modules/data_import/app/models/excel/Entity.scala
WARN  no build target: /Users/gdenerva/Projects/kg-editor/service/modules/data_import/app/models/excel/CommonVars.scala
WARN  no build target: /Users/gdenerva/Projects/kg-editor/service/modules/data_import/app/models/excel/Sample.scala
WARN  no build target: /Users/gdenerva/Projects/kg-editor/service/modules/data_import/app/models/excel/SpecimenGroup.scala
WARN  no build target: /Users/gdenerva/Projects/kg-editor/service/modules/data_import/app/models/excel/Dataset.scala
WARN  no build target: /Users/gdenerva/Projects/kg-editor/service/modules/data_import/app/models/excel/Subject.scala
WARN  no build target: /Users/gdenerva/Projects/kg-editor/service/modules/data_import/app/models/excel/Formatter.scala
WARN  no build target: /Users/gdenerva/Projects/kg-editor/service/modules/data_import/app/models/excel/Activity.scala
WARN  no build target: /Users/gdenerva/Projects/kg-editor/service/modules/data_import/app/models/excel/GraphNode.scala
WARN  no build target: /Users/gdenerva/Projects/kg-editor/service/modules/data_import/app/models/excel/Value.scala
WARN  no build target: /Users/gdenerva/Projects/kg-editor/service/modules/data_import/app/models/dataimportstatus/DataImportStatus.scala
WARN  no build target: /Users/gdenerva/Projects/kg-editor/service/modules/data_import/app/helpers/excel/ExcelUnimindsImportHelper.scala
WARN  no build target: /Users/gdenerva/Projects/kg-editor/service/modules/data_import/app/helpers/excel/ExcelInsertionHelper.scala
WARN  no build target: /Users/gdenerva/Projects/kg-editor/service/modules/data_import/app/helpers/excel/ExcelImportHelper.scala
WARN  no build target: /Users/gdenerva/Projects/kg-editor/service/modules/data_import/app/helpers/excel/ExcelMindsImportHelper.scala
WARN  no build target: /Users/gdenerva/Projects/kg-editor/service/modules/data_import/app/helpers/excel/ExcelStyleHelper.scala
WARN  no build target: /Users/gdenerva/Projects/kg-editor/service/modules/data_import/app/helpers/excel/ExcelUnimindsExportHelper.scala
WARN  no build target: /Users/gdenerva/Projects/kg-editor/service/modules/editor/app/models/editorUserList/BookmarkListFolder.scala
WARN  no build target: /Users/gdenerva/Projects/kg-editor/service/modules/editor/app/models/editorUserList/Bookmark.scala
WARN  no build target: /Users/gdenerva/Projects/kg-editor/service/modules/editor/app/models/editorUserList/SystemDefinedFolder.scala
WARN  no build target: /Users/gdenerva/Projects/kg-editor/service/modules/editor/app/models/user/EditorUserWriteRequest.scala
WARN  no build target: /Users/gdenerva/Projects/kg-editor/service/modules/editor/app/models/editorUserList/BookmarkList.scala
WARN  no build target: /Users/gdenerva/Projects/kg-editor/service/modules/editor/app/models/editorUserList/FolderType.scala
WARN  no build target: /Users/gdenerva/Projects/kg-editor/service/modules/editor/app/models/user/EditorUser.scala
WARN  no build target: /Users/gdenerva/Projects/kg-editor/service/modules/editor/app/models/specification/FormRegistry.scala
WARN  no build target: /Users/gdenerva/Projects/kg-editor/service/modules/editor/app/models/specification/UIInfo.scala
WARN  no build target: /Users/gdenerva/Projects/kg-editor/service/modules/editor/app/models/specification/EditorFieldSpecification.scala
WARN  no build target: /Users/gdenerva/Projects/kg-editor/service/modules/editor/app/models/specification/UISpec.scala
WARN  no build target: /Users/gdenerva/Projects/kg-editor/service/modules/editor/app/models/specification/QuerySpec.scala
WARN  no build target: /Users/gdenerva/Projects/kg-editor/service/modules/editor/app/models/specification/FieldType.scala
WARN  no build target: /Users/gdenerva/Projects/kg-editor/service/modules/editor/app/models/instance/SuggestionInstance.scala
WARN  no build target: /Users/gdenerva/Projects/kg-editor/service/modules/editor/app/models/instance/EditorInstance.scala
WARN  no build target: /Users/gdenerva/Projects/kg-editor/service/modules/editor/app/models/instance/LinkingInstance.scala
WARN  no build target: /Users/gdenerva/Projects/kg-editor/service/modules/editor/app/models/instance/PreviewInstance.scala
WARN  no build target: /Users/gdenerva/Projects/kg-editor/service/modules/editor/app/models/instance/EditorMetadata.scala
WARN  no build target: /Users/gdenerva/Projects/kg-editor/service/modules/editor/app/models/commands/DeleteLinkingInstanceCommand.scala
WARN  no build target: /Users/gdenerva/Projects/kg-editor/service/modules/editor/app/models/commands/DeleteReverseLinkCommand.scala
WARN  no build target: /Users/gdenerva/Projects/kg-editor/service/modules/editor/app/models/commands/AddReverseLinkCommand.scala
WARN  no build target: /Users/gdenerva/Projects/kg-editor/service/modules/editor/app/models/commands/Command.scala
WARN  no build target: /Users/gdenerva/Projects/kg-editor/service/modules/editor/app/models/commands/AddLinkingInstanceCommand.scala
WARN  no build target: /Users/gdenerva/Projects/kg-editor/service/modules/editor/app/models/errors/EditorError.scala
WARN  no build target: /Users/gdenerva/Projects/kg-editor/service/modules/editor/app/models/errors/PlayError.scala
WARN  no build target: /Users/gdenerva/Projects/kg-editor/service/modules/editor/app/services/bookmark/EditorBookmarkService.scala
WARN  no build target: /Users/gdenerva/Projects/kg-editor/service/modules/editor/app/services/bookmark/EditorBookmarkServiceInterface.scala
WARN  no build target: /Users/gdenerva/Projects/kg-editor/service/modules/editor/app/services/specification/FormOp.scala
WARN  no build target: /Users/gdenerva/Projects/kg-editor/service/modules/editor/app/services/specification/FormService.scala
WARN  no build target: /Users/gdenerva/Projects/kg-editor/service/modules/editor/app/services/specification/SpecificationService.scala
WARN  no build target: /Users/gdenerva/Projects/kg-editor/service/modules/editor/app/services/instance/InstanceApiService.scala
WARN  no build target: /Users/gdenerva/Projects/kg-editor/service/modules/editor/app/services/query/QueryApiParameter.scala
WARN  no build target: /Users/gdenerva/Projects/kg-editor/service/modules/editor/app/services/query/QueryService.scala
WARN  no build target: /Users/gdenerva/Projects/kg-editor/service/modules/authentication/app/models/UserGroup.scala
WARN  no build target: /Users/gdenerva/Projects/kg-editor/service/modules/authentication/app/models/ACLIdentity.scala
WARN  no build target: /Users/gdenerva/Projects/kg-editor/service/modules/authentication/app/models/IAMPermission.scala
WARN  no build target: /Users/gdenerva/Projects/kg-editor/service/modules/authentication/app/models/IAMAcl.scala
WARN  no build target: /Users/gdenerva/Projects/kg-editor/service/modules/authentication/app/models/AccessToken.scala
WARN  no build target: /Users/gdenerva/Projects/kg-editor/service/modules/authentication/app/models/UserRequest.scala
WARN  no build target: /Users/gdenerva/Projects/kg-editor/service/modules/authentication/app/models/Cache.scala
WARN  no build target: /Users/gdenerva/Projects/kg-editor/service/modules/authentication/app/models/AuthenticatedUserAction.scala
INFO  shutting down Metals
INFO  time: initialize in 4.62s
WARN  no build tool detected in workspace '/Users/gdenerva/Projects/kg-editor'. The most common cause for this problem is that the editor was opened in the wrong working directory, for example if you use sbt then the workspace directory should contain build.sbt. 
WARN  no build target: /Users/gdenerva/Projects/kg-editor/service/app/ApiSpecs.scala
WARN  no build target: /Users/gdenerva/Projects/kg-editor/service/build.sbt
WARN  no build target: /Users/gdenerva/Projects/kg-editor/service/app/Filters.scala
WARN  no build target: /Users/gdenerva/Projects/kg-editor/service/project/Common.scala
WARN  no build target: /Users/gdenerva/Projects/kg-editor/service/project/plugins.sbt
WARN  no build target: /Users/gdenerva/Projects/kg-editor/service/project/scaffold.sbt
WARN  no build target: /Users/gdenerva/Projects/kg-editor/service/modules/common/common.sbt
WARN  no build target: /Users/gdenerva/Projects/kg-editor/service/modules/editor/editor.sbt
WARN  no build target: /Users/gdenerva/Projects/kg-editor/service/modules/authentication/auth.sbt
WARN  no build target: /Users/gdenerva/Projects/kg-editor/service/modules/editor/app/EditorModule.scala
WARN  no build target: /Users/gdenerva/Projects/kg-editor/service/modules/authentication/app/models/UserGroup.scala
WARN  no build target: /Users/gdenerva/Projects/kg-editor/service/modules/authentication/app/models/IAMPermission.scala
WARN  no build target: /Users/gdenerva/Projects/kg-editor/service/modules/authentication/app/models/IAMAcl.scala
WARN  no build target: /Users/gdenerva/Projects/kg-editor/service/modules/authentication/app/models/ACLIdentity.scala
WARN  no build target: /Users/gdenerva/Projects/kg-editor/service/modules/authentication/test/controllers/OIDCControllerSpec.scala
WARN  no build target: /Users/gdenerva/Projects/kg-editor/service/modules/authentication/app/models/AccessToken.scala
WARN  no build target: /Users/gdenerva/Projects/kg-editor/service/modules/authentication/app/models/UserRequest.scala
WARN  no build target: /Users/gdenerva/Projects/kg-editor/service/modules/authentication/app/models/Cache.scala
WARN  no build target: /Users/gdenerva/Projects/kg-editor/service/modules/authentication/app/models/AuthenticatedUserAction.scala
WARN  no build target: /Users/gdenerva/Projects/kg-editor/service/modules/authentication/app/services/IAMAuthService.scala
WARN  no build target: /Users/gdenerva/Projects/kg-editor/service/modules/authentication/app/helpers/OIDCHelper.scala
WARN  no build target: /Users/gdenerva/Projects/kg-editor/service/modules/authentication/app/services/CacheService.scala
WARN  no build target: /Users/gdenerva/Projects/kg-editor/service/modules/authentication/app/services/IDMAPIService.scala
WARN  no build target: /Users/gdenerva/Projects/kg-editor/service/modules/authentication/app/services/AuthHttpClient.scala
WARN  no build target: /Users/gdenerva/Projects/kg-editor/service/modules/authentication/app/services/AuthService.scala
WARN  no build target: /Users/gdenerva/Projects/kg-editor/service/modules/authentication/app/services/TokenAuthService.scala
WARN  no build target: /Users/gdenerva/Projects/kg-editor/service/modules/common/app/constants/SchemaFieldsConstants.scala
WARN  no build target: /Users/gdenerva/Projects/kg-editor/service/modules/common/app/constants/JsonLDConstants.scala
WARN  no build target: /Users/gdenerva/Projects/kg-editor/service/modules/common/app/constants/NexusConstants.scala
WARN  no build target: /Users/gdenerva/Projects/kg-editor/service/modules/common/app/helpers/ConfigMock.scala
WARN  no build target: /Users/gdenerva/Projects/kg-editor/service/modules/common/app/models/Pagination.scala
WARN  no build target: /Users/gdenerva/Projects/kg-editor/service/modules/common/app/helpers/ResponseHelper.scala
WARN  no build target: /Users/gdenerva/Projects/kg-editor/service/modules/common/app/services/CredentialsService.scala
WARN  no build target: /Users/gdenerva/Projects/kg-editor/service/modules/common/app/services/ConfigurationService.scala
WARN  no build target: /Users/gdenerva/Projects/kg-editor/service/modules/common/app/models/NexusPath.scala
WARN  no build target: /Users/gdenerva/Projects/kg-editor/service/modules/editor/app/constants/UiConstants.scala
WARN  no build target: /Users/gdenerva/Projects/kg-editor/service/modules/editor/app/constants/InternalSchemaFieldsConstants.scala
WARN  no build target: /Users/gdenerva/Projects/kg-editor/service/modules/editor/app/constants/QueryConstants.scala
WARN  no build target: /Users/gdenerva/Projects/kg-editor/service/modules/editor/app/constants/ServiceClient.scala
WARN  no build target: /Users/gdenerva/Projects/kg-editor/service/modules/editor/app/constants/EditorConstants.scala
WARN  no build target: /Users/gdenerva/Projects/kg-editor/service/modules/editor/app/constants/SuggestionStatus.scala
WARN  no build target: /Users/gdenerva/Projects/kg-editor/service/modules/editor/app/models/EditorResponseObject.scala
WARN  no build target: /Users/gdenerva/Projects/kg-editor/service/modules/editor/app/actions/EditorUserAction.scala
WARN  no build target: /Users/gdenerva/Projects/kg-editor/service/modules/editor/app/controllers/EditorUserController.scala
WARN  no build target: /Users/gdenerva/Projects/kg-editor/service/modules/editor/app/controllers/EditorController.scala
WARN  no build target: /Users/gdenerva/Projects/kg-editor/service/modules/editor/app/controllers/ReviewController.scala
WARN  no build target: /Users/gdenerva/Projects/kg-editor/service/modules/editor/app/controllers/SpecificationController.scala
WARN  no build target: /Users/gdenerva/Projects/kg-editor/service/modules/editor/app/controllers/AdminController.scala
WARN  no build target: /Users/gdenerva/Projects/kg-editor/service/modules/editor/app/helpers/EditorSpaceHelper.scala
WARN  no build target: /Users/gdenerva/Projects/kg-editor/service/modules/editor/app/helpers/BookmarkHelper.scala
WARN  no build target: /Users/gdenerva/Projects/kg-editor/service/modules/editor/app/helpers/NodeTypeHelper.scala
WARN  no build target: /Users/gdenerva/Projects/kg-editor/service/modules/editor/app/helpers/EditorResponseHelper.scala
WARN  no build target: /Users/gdenerva/Projects/kg-editor/service/modules/editor/app/helpers/InstanceOp.scala
WARN  no build target: /Users/gdenerva/Projects/kg-editor/service/modules/editor/app/helpers/ReverseLinkOP.scala
WARN  no build target: /Users/gdenerva/Projects/kg-editor/service/modules/editor/test/models/BookmarkListFolderSpec.scala
WARN  no build target: /Users/gdenerva/Projects/kg-editor/service/modules/editor/test/helpers/InstanceOpSpec.scala
WARN  no build target: /Users/gdenerva/Projects/kg-editor/service/modules/editor/test/helpers/BookmarkHelperSpec.scala
WARN  no build target: /Users/gdenerva/Projects/kg-editor/service/modules/editor/app/services/EditorService.scala
WARN  no build target: /Users/gdenerva/Projects/kg-editor/service/modules/editor/app/services/ReverseLinkService.scala
WARN  no build target: /Users/gdenerva/Projects/kg-editor/service/modules/editor/app/services/EditorUserService.scala
WARN  no build target: /Users/gdenerva/Projects/kg-editor/service/modules/editor/app/services/MetadataService.scala
WARN  no build target: /Users/gdenerva/Projects/kg-editor/service/modules/editor/test/services/FormServiceSpec.scala
WARN  no build target: /Users/gdenerva/Projects/kg-editor/service/modules/editor/test/services/EditorUserServiceSpec.scala
WARN  no build target: /Users/gdenerva/Projects/kg-editor/service/modules/common/app/models/user/User.scala
WARN  no build target: /Users/gdenerva/Projects/kg-editor/service/modules/common/app/models/user/IDMUser.scala
WARN  no build target: /Users/gdenerva/Projects/kg-editor/service/modules/common/app/models/user/Group.scala
WARN  no build target: /Users/gdenerva/Projects/kg-editor/service/modules/common/app/models/instance/NexusInstance.scala
WARN  no build target: /Users/gdenerva/Projects/kg-editor/service/modules/common/app/models/instance/NexusLink.scala
WARN  no build target: /Users/gdenerva/Projects/kg-editor/service/modules/common/app/models/instance/NexusInstanceReference.scala
WARN  no build target: /Users/gdenerva/Projects/kg-editor/service/modules/editor/app/models/editorUserList/BookmarkListFolder.scala
WARN  no build target: /Users/gdenerva/Projects/kg-editor/service/modules/editor/app/models/editorUserList/Bookmark.scala
WARN  no build target: /Users/gdenerva/Projects/kg-editor/service/modules/editor/app/models/editorUserList/BookmarkList.scala
WARN  no build target: /Users/gdenerva/Projects/kg-editor/service/modules/editor/app/models/user/EditorUserWriteRequest.scala
WARN  no build target: /Users/gdenerva/Projects/kg-editor/service/modules/editor/app/models/editorUserList/SystemDefinedFolder.scala
WARN  no build target: /Users/gdenerva/Projects/kg-editor/service/modules/editor/app/models/user/EditorUser.scala
WARN  no build target: /Users/gdenerva/Projects/kg-editor/service/modules/editor/app/models/editorUserList/FolderType.scala
WARN  no build target: /Users/gdenerva/Projects/kg-editor/service/modules/editor/app/models/instance/SuggestionInstance.scala
WARN  no build target: /Users/gdenerva/Projects/kg-editor/service/modules/editor/app/models/specification/FormRegistry.scala
WARN  no build target: /Users/gdenerva/Projects/kg-editor/service/modules/editor/app/models/instance/EditorInstance.scala
WARN  no build target: /Users/gdenerva/Projects/kg-editor/service/modules/editor/app/models/specification/EditorFieldSpecification.scala
WARN  no build target: /Users/gdenerva/Projects/kg-editor/service/modules/editor/app/models/instance/LinkingInstance.scala
WARN  no build target: /Users/gdenerva/Projects/kg-editor/service/modules/editor/app/models/specification/UIInfo.scala
WARN  no build target: /Users/gdenerva/Projects/kg-editor/service/modules/editor/app/models/instance/PreviewInstance.scala
WARN  no build target: /Users/gdenerva/Projects/kg-editor/service/modules/editor/app/models/specification/QuerySpec.scala
WARN  no build target: /Users/gdenerva/Projects/kg-editor/service/modules/editor/app/models/specification/UISpec.scala
WARN  no build target: /Users/gdenerva/Projects/kg-editor/service/modules/editor/app/models/specification/FieldType.scala
WARN  no build target: /Users/gdenerva/Projects/kg-editor/service/modules/editor/app/models/instance/EditorMetadata.scala
WARN  no build target: /Users/gdenerva/Projects/kg-editor/service/modules/editor/app/models/commands/DeleteLinkingInstanceCommand.scala
WARN  no build target: /Users/gdenerva/Projects/kg-editor/service/modules/editor/app/models/commands/DeleteReverseLinkCommand.scala
WARN  no build target: /Users/gdenerva/Projects/kg-editor/service/modules/editor/app/models/errors/EditorError.scala
WARN  no build target: /Users/gdenerva/Projects/kg-editor/service/modules/editor/app/models/commands/AddReverseLinkCommand.scala
WARN  no build target: /Users/gdenerva/Projects/kg-editor/service/modules/editor/app/models/commands/Command.scala
WARN  no build target: /Users/gdenerva/Projects/kg-editor/service/modules/editor/app/models/commands/AddLinkingInstanceCommand.scala
WARN  no build target: /Users/gdenerva/Projects/kg-editor/service/modules/editor/app/models/errors/PlayError.scala
WARN  no build target: /Users/gdenerva/Projects/kg-editor/service/modules/editor/app/services/specification/FormOp.scala
WARN  no build target: /Users/gdenerva/Projects/kg-editor/service/modules/editor/app/services/specification/FormService.scala
WARN  no build target: /Users/gdenerva/Projects/kg-editor/service/modules/editor/app/services/specification/SpecificationService.scala
WARN  no build target: /Users/gdenerva/Projects/kg-editor/service/modules/editor/app/services/bookmark/EditorBookmarkService.scala
WARN  no build target: /Users/gdenerva/Projects/kg-editor/service/modules/editor/app/services/bookmark/EditorBookmarkServiceInterface.scala
WARN  no build target: /Users/gdenerva/Projects/kg-editor/service/modules/editor/app/services/query/QueryApiParameter.scala
WARN  no build target: /Users/gdenerva/Projects/kg-editor/service/modules/editor/app/services/instance/InstanceApiService.scala
WARN  no build target: /Users/gdenerva/Projects/kg-editor/service/modules/editor/app/services/query/QueryService.scala
WARN  no build target: /Users/gdenerva/Projects/kg-editor/service/target/scala-2.12/routes/main/controllers/ReverseRoutes.scala
WARN  no build target: /Users/gdenerva/Projects/kg-editor/service/target/scala-2.12/routes/main/router/RoutesPrefix.scala
WARN  no build target: /Users/gdenerva/Projects/kg-editor/service/target/scala-2.12/routes/main/controllers/javascript/JavaScriptReverseRoutes.scala
WARN  no build target: /Users/gdenerva/Projects/kg-editor/service/target/scala-2.12/routes/main/router/Routes.scala
WARN  no build target: /Users/gdenerva/Projects/kg-editor/service/modules/editor/target/scala-2.12/routes/main/admin/RoutesPrefix.scala
WARN  no build target: /Users/gdenerva/Projects/kg-editor/service/modules/editor/target/scala-2.12/routes/main/specification/RoutesPrefix.scala
WARN  no build target: /Users/gdenerva/Projects/kg-editor/service/target/scala-2.12/routes/main/controllers/swagger/ReverseRoutes.scala
WARN  no build target: /Users/gdenerva/Projects/kg-editor/service/modules/editor/target/scala-2.12/routes/main/specification/Routes.scala
WARN  no build target: /Users/gdenerva/Projects/kg-editor/service/modules/editor/target/scala-2.12/routes/main/admin/Routes.scala
WARN  no build target: /Users/gdenerva/Projects/kg-editor/service/modules/editor/target/scala-2.12/routes/main/review/RoutesPrefix.scala
WARN  no build target: /Users/gdenerva/Projects/kg-editor/service/modules/editor/target/scala-2.12/routes/main/review/Routes.scala
WARN  no build target: /Users/gdenerva/Projects/kg-editor/service/modules/editor/target/scala-2.12/routes/main/controllers/ReverseRoutes.scala
WARN  no build target: /Users/gdenerva/Projects/kg-editor/service/modules/editor/target/scala-2.12/routes/main/editor/RoutesPrefix.scala
WARN  no build target: /Users/gdenerva/Projects/kg-editor/service/target/scala-2.12/routes/main/controllers/swagger/javascript/JavaScriptReverseRoutes.scala
WARN  no build target: /Users/gdenerva/Projects/kg-editor/service/modules/editor/target/scala-2.12/routes/main/controllers/javascript/JavaScriptReverseRoutes.scala
WARN  no build target: /Users/gdenerva/Projects/kg-editor/service/target/scala-2.12/routes/main/com/github/stijndehaes/playprometheusfilters/controllers/ReverseRoutes.scala
WARN  no build target: /Users/gdenerva/Projects/kg-editor/service/target/scala-2.12/routes/main/com/github/stijndehaes/playprometheusfilters/controllers/javascript/JavaScriptReverseRoutes.scala
WARN  no build target: /Users/gdenerva/Projects/kg-editor/service/modules/editor/target/scala-2.12/routes/main/editor/Routes.scala
INFO  shutting down Metals
INFO  time: initialize in 4.83s
WARN  no build tool detected in workspace '/Users/gdenerva/Projects/kg-editor'. The most common cause for this problem is that the editor was opened in the wrong working directory, for example if you use sbt then the workspace directory should contain build.sbt. 
WARN  no build target: /Users/gdenerva/Projects/kg-editor/service/build.sbt
WARN  no build target: /Users/gdenerva/Projects/kg-editor/service/project/Common.scala
WARN  no build target: /Users/gdenerva/Projects/kg-editor/service/app/ApiSpecs.scala
WARN  no build target: /Users/gdenerva/Projects/kg-editor/service/app/Filters.scala
WARN  no build target: /Users/gdenerva/Projects/kg-editor/service/project/plugins.sbt
WARN  no build target: /Users/gdenerva/Projects/kg-editor/service/modules/authentication/auth.sbt
WARN  no build target: /Users/gdenerva/Projects/kg-editor/service/project/scaffold.sbt
WARN  no build target: /Users/gdenerva/Projects/kg-editor/service/modules/common/common.sbt
WARN  no build target: /Users/gdenerva/Projects/kg-editor/service/modules/editor/editor.sbt
WARN  no build target: /Users/gdenerva/Projects/kg-editor/service/modules/editor/app/EditorModule.scala
WARN  no build target: /Users/gdenerva/Projects/kg-editor/service/modules/common/app/models/Pagination.scala
WARN  no build target: /Users/gdenerva/Projects/kg-editor/service/modules/common/app/models/NexusPath.scala
WARN  no build target: /Users/gdenerva/Projects/kg-editor/service/modules/common/app/helpers/ConfigMock.scala
WARN  no build target: /Users/gdenerva/Projects/kg-editor/service/modules/common/app/helpers/ResponseHelper.scala
WARN  no build target: /Users/gdenerva/Projects/kg-editor/service/modules/common/app/constants/JsonLDConstants.scala
WARN  no build target: /Users/gdenerva/Projects/kg-editor/service/modules/common/app/constants/SchemaFieldsConstants.scala
WARN  no build target: /Users/gdenerva/Projects/kg-editor/service/modules/common/app/constants/NexusConstants.scala
WARN  no build target: /Users/gdenerva/Projects/kg-editor/service/modules/common/app/services/CredentialsService.scala
WARN  no build target: /Users/gdenerva/Projects/kg-editor/service/modules/common/app/services/ConfigurationService.scala
WARN  no build target: /Users/gdenerva/Projects/kg-editor/service/modules/editor/app/constants/UiConstants.scala
WARN  no build target: /Users/gdenerva/Projects/kg-editor/service/modules/editor/app/constants/InternalSchemaFieldsConstants.scala
WARN  no build target: /Users/gdenerva/Projects/kg-editor/service/modules/editor/app/constants/ServiceClient.scala
WARN  no build target: /Users/gdenerva/Projects/kg-editor/service/modules/editor/app/constants/QueryConstants.scala
WARN  no build target: /Users/gdenerva/Projects/kg-editor/service/modules/editor/app/constants/EditorConstants.scala
WARN  no build target: /Users/gdenerva/Projects/kg-editor/service/modules/editor/app/constants/SuggestionStatus.scala
WARN  no build target: /Users/gdenerva/Projects/kg-editor/service/modules/editor/app/models/EditorResponseObject.scala
WARN  no build target: /Users/gdenerva/Projects/kg-editor/service/modules/editor/test/models/BookmarkListFolderSpec.scala
WARN  no build target: /Users/gdenerva/Projects/kg-editor/service/modules/editor/test/helpers/InstanceOpSpec.scala
WARN  no build target: /Users/gdenerva/Projects/kg-editor/service/modules/editor/test/helpers/BookmarkHelperSpec.scala
WARN  no build target: /Users/gdenerva/Projects/kg-editor/service/modules/editor/test/services/EditorUserServiceSpec.scala
WARN  no build target: /Users/gdenerva/Projects/kg-editor/service/modules/editor/app/helpers/BookmarkHelper.scala
WARN  no build target: /Users/gdenerva/Projects/kg-editor/service/modules/editor/test/services/FormServiceSpec.scala
WARN  no build target: /Users/gdenerva/Projects/kg-editor/service/modules/editor/app/helpers/EditorSpaceHelper.scala
WARN  no build target: /Users/gdenerva/Projects/kg-editor/service/modules/editor/app/actions/EditorUserAction.scala
WARN  no build target: /Users/gdenerva/Projects/kg-editor/service/modules/editor/app/helpers/NodeTypeHelper.scala
WARN  no build target: /Users/gdenerva/Projects/kg-editor/service/modules/editor/app/helpers/EditorResponseHelper.scala
WARN  no build target: /Users/gdenerva/Projects/kg-editor/service/modules/editor/app/helpers/InstanceOp.scala
WARN  no build target: /Users/gdenerva/Projects/kg-editor/service/modules/editor/app/helpers/ReverseLinkOP.scala
WARN  no build target: /Users/gdenerva/Projects/kg-editor/service/modules/editor/app/controllers/EditorUserController.scala
WARN  no build target: /Users/gdenerva/Projects/kg-editor/service/modules/editor/app/controllers/EditorController.scala
WARN  no build target: /Users/gdenerva/Projects/kg-editor/service/modules/editor/app/controllers/ReviewController.scala
WARN  no build target: /Users/gdenerva/Projects/kg-editor/service/modules/editor/app/controllers/SpecificationController.scala
WARN  no build target: /Users/gdenerva/Projects/kg-editor/service/modules/editor/app/controllers/AdminController.scala
WARN  no build target: /Users/gdenerva/Projects/kg-editor/service/modules/editor/app/services/EditorService.scala
WARN  no build target: /Users/gdenerva/Projects/kg-editor/service/modules/editor/app/services/ReverseLinkService.scala
WARN  no build target: /Users/gdenerva/Projects/kg-editor/service/modules/editor/app/services/EditorUserService.scala
WARN  no build target: /Users/gdenerva/Projects/kg-editor/service/modules/editor/app/services/MetadataService.scala
WARN  no build target: /Users/gdenerva/Projects/kg-editor/service/modules/authentication/app/helpers/OIDCHelper.scala
WARN  no build target: /Users/gdenerva/Projects/kg-editor/service/modules/authentication/app/models/UserGroup.scala
WARN  no build target: /Users/gdenerva/Projects/kg-editor/service/modules/authentication/app/models/ACLIdentity.scala
WARN  no build target: /Users/gdenerva/Projects/kg-editor/service/modules/authentication/app/models/IAMPermission.scala
WARN  no build target: /Users/gdenerva/Projects/kg-editor/service/modules/authentication/app/models/IAMAcl.scala
WARN  no build target: /Users/gdenerva/Projects/kg-editor/service/modules/authentication/app/models/AccessToken.scala
WARN  no build target: /Users/gdenerva/Projects/kg-editor/service/modules/authentication/app/models/UserRequest.scala
WARN  no build target: /Users/gdenerva/Projects/kg-editor/service/modules/authentication/app/models/Cache.scala
WARN  no build target: /Users/gdenerva/Projects/kg-editor/service/modules/authentication/test/controllers/OIDCControllerSpec.scala
WARN  no build target: /Users/gdenerva/Projects/kg-editor/service/modules/authentication/app/models/AuthenticatedUserAction.scala
WARN  no build target: /Users/gdenerva/Projects/kg-editor/service/modules/authentication/app/services/IAMAuthService.scala
WARN  no build target: /Users/gdenerva/Projects/kg-editor/service/modules/authentication/app/services/CacheService.scala
WARN  no build target: /Users/gdenerva/Projects/kg-editor/service/modules/authentication/app/services/AuthHttpClient.scala
WARN  no build target: /Users/gdenerva/Projects/kg-editor/service/modules/authentication/app/services/TokenAuthService.scala
WARN  no build target: /Users/gdenerva/Projects/kg-editor/service/modules/authentication/app/services/IDMAPIService.scala
WARN  no build target: /Users/gdenerva/Projects/kg-editor/service/modules/authentication/app/services/AuthService.scala
WARN  no build target: /Users/gdenerva/Projects/kg-editor/service/target/scala-2.12/routes/main/router/RoutesPrefix.scala
WARN  no build target: /Users/gdenerva/Projects/kg-editor/service/target/scala-2.12/routes/main/controllers/ReverseRoutes.scala
WARN  no build target: /Users/gdenerva/Projects/kg-editor/service/target/scala-2.12/routes/main/router/Routes.scala
WARN  no build target: /Users/gdenerva/Projects/kg-editor/service/modules/common/app/models/instance/NexusInstance.scala
WARN  no build target: /Users/gdenerva/Projects/kg-editor/service/modules/common/app/models/instance/NexusLink.scala
WARN  no build target: /Users/gdenerva/Projects/kg-editor/service/modules/common/app/models/user/User.scala
WARN  no build target: /Users/gdenerva/Projects/kg-editor/service/modules/common/app/models/instance/NexusInstanceReference.scala
WARN  no build target: /Users/gdenerva/Projects/kg-editor/service/modules/common/app/models/user/IDMUser.scala
WARN  no build target: /Users/gdenerva/Projects/kg-editor/service/modules/common/app/models/user/Group.scala
WARN  no build target: /Users/gdenerva/Projects/kg-editor/service/modules/editor/app/models/user/EditorUserWriteRequest.scala
WARN  no build target: /Users/gdenerva/Projects/kg-editor/service/modules/editor/app/models/user/EditorUser.scala
WARN  no build target: /Users/gdenerva/Projects/kg-editor/service/modules/editor/app/models/editorUserList/BookmarkListFolder.scala
WARN  no build target: /Users/gdenerva/Projects/kg-editor/service/modules/editor/app/models/specification/FormRegistry.scala
WARN  no build target: /Users/gdenerva/Projects/kg-editor/service/modules/editor/app/models/editorUserList/Bookmark.scala
WARN  no build target: /Users/gdenerva/Projects/kg-editor/service/modules/editor/app/models/specification/EditorFieldSpecification.scala
WARN  no build target: /Users/gdenerva/Projects/kg-editor/service/modules/editor/app/models/editorUserList/SystemDefinedFolder.scala
WARN  no build target: /Users/gdenerva/Projects/kg-editor/service/modules/editor/app/models/specification/UIInfo.scala
WARN  no build target: /Users/gdenerva/Projects/kg-editor/service/modules/editor/app/models/editorUserList/BookmarkList.scala
WARN  no build target: /Users/gdenerva/Projects/kg-editor/service/modules/editor/app/models/specification/UISpec.scala
WARN  no build target: /Users/gdenerva/Projects/kg-editor/service/modules/editor/app/models/editorUserList/FolderType.scala
WARN  no build target: /Users/gdenerva/Projects/kg-editor/service/modules/editor/app/models/instance/SuggestionInstance.scala
WARN  no build target: /Users/gdenerva/Projects/kg-editor/service/modules/editor/app/models/specification/FieldType.scala
WARN  no build target: /Users/gdenerva/Projects/kg-editor/service/modules/editor/app/models/specification/QuerySpec.scala
WARN  no build target: /Users/gdenerva/Projects/kg-editor/service/modules/editor/app/models/instance/EditorInstance.scala
WARN  no build target: /Users/gdenerva/Projects/kg-editor/service/modules/editor/app/models/commands/DeleteReverseLinkCommand.scala
WARN  no build target: /Users/gdenerva/Projects/kg-editor/service/modules/editor/app/models/commands/DeleteLinkingInstanceCommand.scala
WARN  no build target: /Users/gdenerva/Projects/kg-editor/service/modules/editor/app/models/instance/LinkingInstance.scala
WARN  no build target: /Users/gdenerva/Projects/kg-editor/service/modules/editor/app/models/instance/PreviewInstance.scala
WARN  no build target: /Users/gdenerva/Projects/kg-editor/service/modules/editor/app/models/instance/EditorMetadata.scala
WARN  no build target: /Users/gdenerva/Projects/kg-editor/service/modules/editor/app/models/commands/Command.scala
WARN  no build target: /Users/gdenerva/Projects/kg-editor/service/modules/editor/app/models/commands/AddLinkingInstanceCommand.scala
WARN  no build target: /Users/gdenerva/Projects/kg-editor/service/modules/editor/app/models/commands/AddReverseLinkCommand.scala
WARN  no build target: /Users/gdenerva/Projects/kg-editor/service/modules/editor/app/models/errors/EditorError.scala
WARN  no build target: /Users/gdenerva/Projects/kg-editor/service/modules/editor/app/models/errors/PlayError.scala
WARN  no build target: /Users/gdenerva/Projects/kg-editor/service/modules/editor/app/services/bookmark/EditorBookmarkService.scala
WARN  no build target: /Users/gdenerva/Projects/kg-editor/service/modules/editor/app/services/bookmark/EditorBookmarkServiceInterface.scala
WARN  no build target: /Users/gdenerva/Projects/kg-editor/service/modules/editor/app/services/specification/FormOp.scala
WARN  no build target: /Users/gdenerva/Projects/kg-editor/service/modules/editor/app/services/specification/FormService.scala
WARN  no build target: /Users/gdenerva/Projects/kg-editor/service/modules/editor/app/services/specification/SpecificationService.scala
WARN  no build target: /Users/gdenerva/Projects/kg-editor/service/modules/editor/app/services/instance/InstanceApiService.scala
WARN  no build target: /Users/gdenerva/Projects/kg-editor/service/modules/editor/app/services/query/QueryApiParameter.scala
WARN  no build target: /Users/gdenerva/Projects/kg-editor/service/modules/editor/app/services/query/QueryService.scala
WARN  no build target: /Users/gdenerva/Projects/kg-editor/service/target/scala-2.12/routes/main/controllers/swagger/ReverseRoutes.scala
WARN  no build target: /Users/gdenerva/Projects/kg-editor/service/target/scala-2.12/routes/main/controllers/javascript/JavaScriptReverseRoutes.scala
WARN  no build target: /Users/gdenerva/Projects/kg-editor/service/target/scala-2.12/routes/main/controllers/swagger/javascript/JavaScriptReverseRoutes.scala
WARN  no build target: /Users/gdenerva/Projects/kg-editor/service/modules/editor/target/scala-2.12/routes/main/admin/RoutesPrefix.scala
WARN  no build target: /Users/gdenerva/Projects/kg-editor/service/modules/editor/target/scala-2.12/routes/main/specification/RoutesPrefix.scala
WARN  no build target: /Users/gdenerva/Projects/kg-editor/service/modules/editor/target/scala-2.12/routes/main/specification/Routes.scala
WARN  no build target: /Users/gdenerva/Projects/kg-editor/service/modules/editor/target/scala-2.12/routes/main/review/RoutesPrefix.scala
WARN  no build target: /Users/gdenerva/Projects/kg-editor/service/modules/editor/target/scala-2.12/routes/main/admin/Routes.scala
WARN  no build target: /Users/gdenerva/Projects/kg-editor/service/modules/editor/target/scala-2.12/routes/main/review/Routes.scala
WARN  no build target: /Users/gdenerva/Projects/kg-editor/service/modules/editor/target/scala-2.12/routes/main/controllers/ReverseRoutes.scala
WARN  no build target: /Users/gdenerva/Projects/kg-editor/service/modules/editor/target/scala-2.12/routes/main/editor/RoutesPrefix.scala
WARN  no build target: /Users/gdenerva/Projects/kg-editor/service/modules/editor/target/scala-2.12/routes/main/controllers/javascript/JavaScriptReverseRoutes.scala
WARN  no build target: /Users/gdenerva/Projects/kg-editor/service/target/scala-2.12/routes/main/com/github/stijndehaes/playprometheusfilters/controllers/ReverseRoutes.scala
WARN  no build target: /Users/gdenerva/Projects/kg-editor/service/target/scala-2.12/routes/main/com/github/stijndehaes/playprometheusfilters/controllers/javascript/JavaScriptReverseRoutes.scala
WARN  no build target: /Users/gdenerva/Projects/kg-editor/service/modules/editor/target/scala-2.12/routes/main/editor/Routes.scala
INFO  no build target: using presentation compiler with only scala-library
Aug 21, 2019 3:54:31 PM org.eclipse.lsp4j.jsonrpc.RemoteEndpoint handleNotification
WARNING: Notification threw an exception: {
  "jsonrpc": "2.0",
  "method": "metals/didFocusTextDocument",
  "params": "git:/Users/gdenerva/Projects/kg-editor/service/modules/common/app/services/ConfigurationService.scala?%7B%22path%22%3A%22%2FUsers%2Fgdenerva%2FProjects%2Fkg-editor%2Fservice%2Fmodules%2Fcommon%2Fapp%2Fservices%2FConfigurationService.scala%22%2C%22ref%22%3A%22~%22%7D"
}
java.lang.RuntimeException: java.lang.reflect.InvocationTargetException
	at org.eclipse.lsp4j.jsonrpc.services.GenericEndpoint.lambda$null$0(GenericEndpoint.java:67)
	at org.eclipse.lsp4j.jsonrpc.services.GenericEndpoint.notify(GenericEndpoint.java:152)
	at org.eclipse.lsp4j.jsonrpc.RemoteEndpoint.handleNotification(RemoteEndpoint.java:220)
	at org.eclipse.lsp4j.jsonrpc.RemoteEndpoint.consume(RemoteEndpoint.java:187)
	at org.eclipse.lsp4j.jsonrpc.json.StreamMessageProducer.handleMessage(StreamMessageProducer.java:192)
	at org.eclipse.lsp4j.jsonrpc.json.StreamMessageProducer.listen(StreamMessageProducer.java:94)
	at org.eclipse.lsp4j.jsonrpc.json.ConcurrentMessageProcessor.run(ConcurrentMessageProcessor.java:113)
	at java.base/java.util.concurrent.Executors$RunnableAdapter.call(Executors.java:514)
	at java.base/java.util.concurrent.FutureTask.run(FutureTask.java:264)
	at java.base/java.util.concurrent.ThreadPoolExecutor.runWorker(ThreadPoolExecutor.java:1135)
	at java.base/java.util.concurrent.ThreadPoolExecutor$Worker.run(ThreadPoolExecutor.java:635)
	at java.base/java.lang.Thread.run(Thread.java:844)
Caused by: java.lang.reflect.InvocationTargetException
	at java.base/jdk.internal.reflect.NativeMethodAccessorImpl.invoke0(Native Method)
	at java.base/jdk.internal.reflect.NativeMethodAccessorImpl.invoke(NativeMethodAccessorImpl.java:62)
	at java.base/jdk.internal.reflect.DelegatingMethodAccessorImpl.invoke(DelegatingMethodAccessorImpl.java:43)
	at java.base/java.lang.reflect.Method.invoke(Method.java:564)
	at org.eclipse.lsp4j.jsonrpc.services.GenericEndpoint.lambda$null$0(GenericEndpoint.java:65)
	... 11 more
Caused by: java.nio.file.FileSystemNotFoundException: Provider "git" not installed
	at java.base/java.nio.file.Paths.get(Paths.java:147)
	at scala.meta.internal.metals.MetalsEnrichments$XtensionStringUriProtocol.toAbsolutePath(MetalsEnrichments.scala:345)
	at scala.meta.internal.metals.MetalsLanguageServer.didFocus(MetalsLanguageServer.scala:606)
	... 16 more

WARN  no build target: /Users/gdenerva/Projects/kg-editor/service/modules/common/app/helpers/ConfigMock.scala
Aug 21, 2019 4:07:23 PM org.eclipse.lsp4j.jsonrpc.RemoteEndpoint handleNotification
WARNING: Notification threw an exception: {
  "jsonrpc": "2.0",
  "method": "metals/didFocusTextDocument",
  "params": "git:/Users/gdenerva/Projects/kg-editor/service/modules/common/app/services/ConfigurationService.scala?%7B%22path%22%3A%22%2FUsers%2Fgdenerva%2FProjects%2Fkg-editor%2Fservice%2Fmodules%2Fcommon%2Fapp%2Fservices%2FConfigurationService.scala%22%2C%22ref%22%3A%22~%22%7D"
}
java.lang.RuntimeException: java.lang.reflect.InvocationTargetException
	at org.eclipse.lsp4j.jsonrpc.services.GenericEndpoint.lambda$null$0(GenericEndpoint.java:67)
	at org.eclipse.lsp4j.jsonrpc.services.GenericEndpoint.notify(GenericEndpoint.java:152)
	at org.eclipse.lsp4j.jsonrpc.RemoteEndpoint.handleNotification(RemoteEndpoint.java:220)
	at org.eclipse.lsp4j.jsonrpc.RemoteEndpoint.consume(RemoteEndpoint.java:187)
	at org.eclipse.lsp4j.jsonrpc.json.StreamMessageProducer.handleMessage(StreamMessageProducer.java:192)
	at org.eclipse.lsp4j.jsonrpc.json.StreamMessageProducer.listen(StreamMessageProducer.java:94)
	at org.eclipse.lsp4j.jsonrpc.json.ConcurrentMessageProcessor.run(ConcurrentMessageProcessor.java:113)
	at java.base/java.util.concurrent.Executors$RunnableAdapter.call(Executors.java:514)
	at java.base/java.util.concurrent.FutureTask.run(FutureTask.java:264)
	at java.base/java.util.concurrent.ThreadPoolExecutor.runWorker(ThreadPoolExecutor.java:1135)
	at java.base/java.util.concurrent.ThreadPoolExecutor$Worker.run(ThreadPoolExecutor.java:635)
	at java.base/java.lang.Thread.run(Thread.java:844)
Caused by: java.lang.reflect.InvocationTargetException
	at java.base/jdk.internal.reflect.NativeMethodAccessorImpl.invoke0(Native Method)
	at java.base/jdk.internal.reflect.NativeMethodAccessorImpl.invoke(NativeMethodAccessorImpl.java:62)
	at java.base/jdk.internal.reflect.DelegatingMethodAccessorImpl.invoke(DelegatingMethodAccessorImpl.java:43)
	at java.base/java.lang.reflect.Method.invoke(Method.java:564)
	at org.eclipse.lsp4j.jsonrpc.services.GenericEndpoint.lambda$null$0(GenericEndpoint.java:65)
	... 11 more
Caused by: java.nio.file.FileSystemNotFoundException: Provider "git" not installed
	at java.base/java.nio.file.Paths.get(Paths.java:147)
	at scala.meta.internal.metals.MetalsEnrichments$XtensionStringUriProtocol.toAbsolutePath(MetalsEnrichments.scala:345)
	at scala.meta.internal.metals.MetalsLanguageServer.didFocus(MetalsLanguageServer.scala:606)
	... 16 more

